<?xml version="1.0" encoding="UTF-8"?>
<coverage generated="1752487670024" clover="3.2.0">
  <project timestamp="1752487670024" name="All files">
    <metrics statements="83" coveredstatements="73" conditionals="20" coveredconditionals="11" methods="34" coveredmethods="27" elements="137" coveredelements="111" complexity="0" loc="83" ncloc="83" packages="2" files="11" classes="11"/>
    <package name="components">
      <metrics statements="73" coveredstatements="63" conditionals="20" coveredconditionals="11" methods="31" coveredmethods="24"/>
      <file name="Body.js" path="/Users/meenakshi/Desktop/React Folder/FoodOderingApp/src/components/Body.js">
        <metrics statements="26" coveredstatements="24" conditionals="6" coveredconditionals="4" methods="10" coveredmethods="9"/>
        <line num="10" count="1" type="stmt"/>
        <line num="12" count="7" type="stmt"/>
        <line num="13" count="7" type="stmt"/>
        <line num="14" count="7" type="stmt"/>
        <line num="17" count="7" type="stmt"/>
        <line num="20" count="7" type="stmt"/>
        <line num="21" count="2" type="stmt"/>
        <line num="24" count="7" type="stmt"/>
        <line num="25" count="2" type="stmt"/>
        <line num="29" count="2" type="stmt"/>
        <line num="34" count="2" type="stmt"/>
        <line num="37" count="2" type="stmt"/>
        <line num="42" count="7" type="stmt"/>
        <line num="43" count="7" type="cond" truecount="1" falsecount="1"/>
        <line num="44" count="0" type="stmt"/>
        <line num="48" count="7" type="stmt"/>
        <line num="52" count="7" type="cond" truecount="2" falsecount="0"/>
        <line num="64" count="1" type="stmt"/>
        <line num="71" count="1" type="stmt"/>
        <line num="72" count="20" type="stmt"/>
        <line num="74" count="1" type="stmt"/>
        <line num="85" count="1" type="stmt"/>
        <line num="86" count="20" type="stmt"/>
        <line num="88" count="1" type="stmt"/>
        <line num="99" count="0" type="stmt"/>
        <line num="105" count="65" type="stmt"/>
      </file>
      <file name="Cart.js" path="/Users/meenakshi/Desktop/React Folder/FoodOderingApp/src/components/Cart.js">
        <metrics statements="6" coveredstatements="6" conditionals="2" coveredconditionals="1" methods="3" coveredmethods="3"/>
        <line num="6" count="1" type="stmt"/>
        <line num="7" count="2" type="stmt"/>
        <line num="10" count="1" type="stmt"/>
        <line num="11" count="1" type="stmt"/>
        <line num="12" count="1" type="stmt"/>
        <line num="14" count="1" type="stmt"/>
      </file>
      <file name="Contact.js" path="/Users/meenakshi/Desktop/React Folder/FoodOderingApp/src/components/Contact.js">
        <metrics statements="2" coveredstatements="2" conditionals="0" coveredconditionals="0" methods="1" coveredmethods="1"/>
        <line num="3" count="1" type="stmt"/>
        <line num="4" count="4" type="stmt"/>
      </file>
      <file name="Header.js" path="/Users/meenakshi/Desktop/React Folder/FoodOderingApp/src/components/Header.js">
        <metrics statements="7" coveredstatements="7" conditionals="4" coveredconditionals="2" methods="3" coveredmethods="3"/>
        <line num="10" count="2" type="stmt"/>
        <line num="12" count="5" type="stmt"/>
        <line num="13" count="5" type="stmt"/>
        <line num="15" count="5" type="stmt"/>
        <line num="18" count="9" type="stmt"/>
        <line num="20" count="5" type="stmt"/>
        <line num="49" count="1" type="cond" truecount="1" falsecount="1"/>
      </file>
      <file name="ItemList.js" path="/Users/meenakshi/Desktop/React Folder/FoodOderingApp/src/components/ItemList.js">
        <metrics statements="7" coveredstatements="1" conditionals="2" coveredconditionals="0" methods="4" coveredmethods="0"/>
        <line num="6" count="1" type="stmt"/>
        <line num="9" count="0" type="stmt"/>
        <line num="11" count="0" type="stmt"/>
        <line num="13" count="0" type="stmt"/>
        <line num="16" count="0" type="stmt"/>
        <line num="19" count="0" type="stmt"/>
        <line num="28" count="0" type="stmt"/>
      </file>
      <file name="RestaurantCard.js" path="/Users/meenakshi/Desktop/React Folder/FoodOderingApp/src/components/RestaurantCard.js">
        <metrics statements="7" coveredstatements="7" conditionals="0" coveredconditionals="0" methods="3" coveredmethods="3"/>
        <line num="4" count="2" type="stmt"/>
        <line num="5" count="67" type="stmt"/>
        <line num="8" count="67" type="stmt"/>
        <line num="9" count="67" type="stmt"/>
        <line num="27" count="2" type="stmt"/>
        <line num="28" count="8" type="stmt"/>
        <line num="29" count="66" type="stmt"/>
      </file>
      <file name="RestaurantCategory.js" path="/Users/meenakshi/Desktop/React Folder/FoodOderingApp/src/components/RestaurantCategory.js">
        <metrics statements="4" coveredstatements="3" conditionals="2" coveredconditionals="1" methods="2" coveredmethods="1"/>
        <line num="5" count="1" type="stmt"/>
        <line num="6" count="5" type="stmt"/>
        <line num="7" count="0" type="stmt"/>
        <line num="9" count="5" type="stmt"/>
      </file>
      <file name="RestaurantMenu.js" path="/Users/meenakshi/Desktop/React Folder/FoodOderingApp/src/components/RestaurantMenu.js">
        <metrics statements="12" coveredstatements="11" conditionals="4" coveredconditionals="3" methods="4" coveredmethods="3"/>
        <line num="8" count="1" type="stmt"/>
        <line num="11" count="2" type="stmt"/>
        <line num="24" count="2" type="stmt"/>
        <line num="26" count="2" type="stmt"/>
        <line num="28" count="2" type="cond" truecount="2" falsecount="0"/>
        <line num="30" count="1" type="stmt"/>
        <line num="35" count="1" type="stmt"/>
        <line num="39" count="1" type="stmt"/>
        <line num="41" count="16" type="stmt"/>
        <line num="45" count="1" type="stmt"/>
        <line num="53" count="5" type="stmt"/>
        <line num="57" count="0" type="stmt"/>
      </file>
      <file name="Shimmer.js" path="/Users/meenakshi/Desktop/React Folder/FoodOderingApp/src/components/Shimmer.js">
        <metrics statements="2" coveredstatements="2" conditionals="0" coveredconditionals="0" methods="1" coveredmethods="1"/>
        <line num="3" count="2" type="stmt"/>
        <line num="4" count="3" type="stmt"/>
      </file>
    </package>
    <package name="utils">
      <metrics statements="10" coveredstatements="10" conditionals="0" coveredconditionals="0" methods="3" coveredmethods="3"/>
      <file name="appStore.js" path="/Users/meenakshi/Desktop/React Folder/FoodOderingApp/src/utils/appStore.js">
        <metrics statements="1" coveredstatements="1" conditionals="0" coveredconditionals="0" methods="0" coveredmethods="0"/>
        <line num="4" count="3" type="stmt"/>
      </file>
      <file name="useRestaurantMenu.js" path="/Users/meenakshi/Desktop/React Folder/FoodOderingApp/src/utils/useRestaurantMenu.js">
        <metrics statements="9" coveredstatements="9" conditionals="0" coveredconditionals="0" methods="3" coveredmethods="3"/>
        <line num="4" count="1" type="stmt"/>
        <line num="5" count="2" type="stmt"/>
        <line num="7" count="2" type="stmt"/>
        <line num="8" count="1" type="stmt"/>
        <line num="11" count="2" type="stmt"/>
        <line num="12" count="1" type="stmt"/>
        <line num="13" count="1" type="stmt"/>
        <line num="15" count="1" type="stmt"/>
        <line num="17" count="2" type="stmt"/>
      </file>
    </package>
  </project>
</coverage>
