{"/Users/meenakshi/Desktop/React Folder/FoodOderingApp/src/components/Body.js": {"path":"/Users/meenakshi/Desktop/React Folder/FoodOderingApp/src/components/Body.js","statementMap":{"0":{"start":{"line":9,"column":13},"end":{"line":119,"column":1}},"1":{"start":{"line":11,"column":52},"end":{"line":11,"column":64}},"2":{"start":{"line":12,"column":38},"end":{"line":12,"column":50}},"3":{"start":{"line":13,"column":54},"end":{"line":13,"column":66}},"4":{"start":{"line":14,"column":2},"end":{"line":14,"column":55}},"5":{"start":{"line":16,"column":33},"end":{"line":16,"column":66}},"6":{"start":{"line":19,"column":2},"end":{"line":21,"column":9}},"7":{"start":{"line":20,"column":4},"end":{"line":20,"column":16}},"8":{"start":{"line":23,"column":20},"end":{"line":39,"column":3}},"9":{"start":{"line":24,"column":17},"end":{"line":27,"column":5}},"10":{"start":{"line":28,"column":17},"end":{"line":28,"column":34}},"11":{"start":{"line":29,"column":4},"end":{"line":31,"column":6}},"12":{"start":{"line":33,"column":4},"end":{"line":35,"column":6}},"13":{"start":{"line":36,"column":4},"end":{"line":38,"column":6}},"14":{"start":{"line":41,"column":23},"end":{"line":41,"column":40}},"15":{"start":{"line":42,"column":2},"end":{"line":45,"column":6}},"16":{"start":{"line":43,"column":4},"end":{"line":45,"column":6}},"17":{"start":{"line":47,"column":40},"end":{"line":47,"column":63}},"18":{"start":{"line":51,"column":2},"end":{"line":118,"column":4}},"19":{"start":{"line":63,"column":14},"end":{"line":63,"column":44}},"20":{"start":{"line":70,"column":43},"end":{"line":72,"column":15}},"21":{"start":{"line":71,"column":16},"end":{"line":71,"column":78}},"22":{"start":{"line":73,"column":14},"end":{"line":73,"column":58}},"23":{"start":{"line":84,"column":35},"end":{"line":86,"column":15}},"24":{"start":{"line":85,"column":25},"end":{"line":85,"column":49}},"25":{"start":{"line":87,"column":14},"end":{"line":87,"column":50}},"26":{"start":{"line":98,"column":29},"end":{"line":98,"column":56}},"27":{"start":{"line":104,"column":10},"end":{"line":114,"column":17}}},"fnMap":{"0":{"name":"(anonymous_0)","decl":{"start":{"line":9,"column":13},"end":{"line":9,"column":14}},"loc":{"start":{"line":9,"column":19},"end":{"line":119,"column":1}},"line":9},"1":{"name":"(anonymous_1)","decl":{"start":{"line":19,"column":12},"end":{"line":19,"column":13}},"loc":{"start":{"line":19,"column":18},"end":{"line":21,"column":3}},"line":19},"2":{"name":"(anonymous_2)","decl":{"start":{"line":23,"column":20},"end":{"line":23,"column":21}},"loc":{"start":{"line":23,"column":32},"end":{"line":39,"column":3}},"line":23},"3":{"name":"(anonymous_3)","decl":{"start":{"line":62,"column":22},"end":{"line":62,"column":23}},"loc":{"start":{"line":62,"column":29},"end":{"line":64,"column":13}},"line":62},"4":{"name":"(anonymous_4)","decl":{"start":{"line":68,"column":21},"end":{"line":68,"column":22}},"loc":{"start":{"line":68,"column":27},"end":{"line":75,"column":13}},"line":68},"5":{"name":"(anonymous_5)","decl":{"start":{"line":70,"column":68},"end":{"line":70,"column":69}},"loc":{"start":{"line":71,"column":16},"end":{"line":71,"column":78}},"line":71},"6":{"name":"(anonymous_6)","decl":{"start":{"line":83,"column":21},"end":{"line":83,"column":22}},"loc":{"start":{"line":83,"column":27},"end":{"line":88,"column":13}},"line":83},"7":{"name":"(anonymous_7)","decl":{"start":{"line":85,"column":16},"end":{"line":85,"column":17}},"loc":{"start":{"line":85,"column":25},"end":{"line":85,"column":49}},"line":85},"8":{"name":"(anonymous_8)","decl":{"start":{"line":98,"column":22},"end":{"line":98,"column":23}},"loc":{"start":{"line":98,"column":29},"end":{"line":98,"column":56}},"line":98},"9":{"name":"(anonymous_9)","decl":{"start":{"line":103,"column":32},"end":{"line":103,"column":33}},"loc":{"start":{"line":104,"column":10},"end":{"line":114,"column":17}},"line":104}},"branchMap":{"0":{"loc":{"start":{"line":42,"column":2},"end":{"line":45,"column":6}},"type":"if","locations":[{"start":{"line":42,"column":2},"end":{"line":45,"column":6}},{"start":{},"end":{}}],"line":42},"1":{"loc":{"start":{"line":51,"column":9},"end":{"line":118,"column":3}},"type":"cond-expr","locations":[{"start":{"line":52,"column":4},"end":{"line":52,"column":15}},{"start":{"line":54,"column":4},"end":{"line":117,"column":10}}],"line":51},"2":{"loc":{"start":{"line":109,"column":13},"end":{"line":113,"column":13}},"type":"cond-expr","locations":[{"start":{"line":110,"column":14},"end":{"line":110,"column":61}},{"start":{"line":112,"column":14},"end":{"line":112,"column":53}}],"line":109}},"s":{"0":1,"1":7,"2":7,"3":7,"4":7,"5":7,"6":7,"7":2,"8":7,"9":2,"10":2,"11":2,"12":2,"13":2,"14":7,"15":7,"16":0,"17":7,"18":7,"19":1,"20":1,"21":20,"22":1,"23":1,"24":20,"25":1,"26":0,"27":65},"f":{"0":7,"1":2,"2":2,"3":1,"4":1,"5":20,"6":1,"7":20,"8":0,"9":65},"b":{"0":[0,7],"1":[2,5],"2":[65,0]},"_coverageSchema":"1a1c01bbd47fc00a2c39e90264f33305004495a9","hash":"4751397e32421327c98604381b6ec934f48de959"}
,"/Users/meenakshi/Desktop/React Folder/FoodOderingApp/src/components/Contact.js": {"path":"/Users/meenakshi/Desktop/React Folder/FoodOderingApp/src/components/Contact.js","statementMap":{"0":{"start":{"line":1,"column":16},"end":{"line":22,"column":1}},"1":{"start":{"line":2,"column":2},"end":{"line":21,"column":4}}},"fnMap":{"0":{"name":"(anonymous_0)","decl":{"start":{"line":1,"column":16},"end":{"line":1,"column":17}},"loc":{"start":{"line":1,"column":22},"end":{"line":22,"column":1}},"line":1}},"branchMap":{},"s":{"0":1,"1":4},"f":{"0":4},"b":{},"_coverageSchema":"1a1c01bbd47fc00a2c39e90264f33305004495a9","hash":"ea14f5c3b92dd927a8566232c5204c5c3dc4a50b"}
,"/Users/meenakshi/Desktop/React Folder/FoodOderingApp/src/components/Header.js": {"path":"/Users/meenakshi/Desktop/React Folder/FoodOderingApp/src/components/Header.js","statementMap":{"0":{"start":{"line":9,"column":15},"end":{"line":60,"column":1}},"1":{"start":{"line":11,"column":42},"end":{"line":11,"column":59}},"2":{"start":{"line":12,"column":23},"end":{"line":12,"column":40}},"3":{"start":{"line":14,"column":27},"end":{"line":14,"column":50}},"4":{"start":{"line":17,"column":20},"end":{"line":17,"column":60}},"5":{"start":{"line":17,"column":43},"end":{"line":17,"column":59}},"6":{"start":{"line":19,"column":2},"end":{"line":59,"column":4}},"7":{"start":{"line":48,"column":14},"end":{"line":50,"column":43}}},"fnMap":{"0":{"name":"(anonymous_0)","decl":{"start":{"line":9,"column":15},"end":{"line":9,"column":16}},"loc":{"start":{"line":9,"column":21},"end":{"line":60,"column":1}},"line":9},"1":{"name":"(anonymous_1)","decl":{"start":{"line":17,"column":32},"end":{"line":17,"column":33}},"loc":{"start":{"line":17,"column":43},"end":{"line":17,"column":59}},"line":17},"2":{"name":"(anonymous_2)","decl":{"start":{"line":47,"column":21},"end":{"line":47,"column":22}},"loc":{"start":{"line":47,"column":27},"end":{"line":51,"column":13}},"line":47}},"branchMap":{"0":{"loc":{"start":{"line":26,"column":47},"end":{"line":26,"column":73}},"type":"cond-expr","locations":[{"start":{"line":26,"column":62},"end":{"line":26,"column":66}},{"start":{"line":26,"column":69},"end":{"line":26,"column":73}}],"line":26},"1":{"loc":{"start":{"line":48,"column":14},"end":{"line":50,"column":42}},"type":"cond-expr","locations":[{"start":{"line":49,"column":18},"end":{"line":49,"column":43}},{"start":{"line":50,"column":18},"end":{"line":50,"column":42}}],"line":48}},"s":{"0":1,"1":4,"2":4,"3":4,"4":4,"5":7,"6":4,"7":1},"f":{"0":4,"1":7,"2":1},"b":{"0":[4,0],"1":[1,0]},"_coverageSchema":"1a1c01bbd47fc00a2c39e90264f33305004495a9","hash":"b7d01313d7576d997a2f24c91ece757bb01687fe"}
,"/Users/meenakshi/Desktop/React Folder/FoodOderingApp/src/components/RestaurantCard.js": {"path":"/Users/meenakshi/Desktop/React Folder/FoodOderingApp/src/components/RestaurantCard.js","statementMap":{"0":{"start":{"line":3,"column":23},"end":{"line":21,"column":1}},"1":{"start":{"line":4,"column":22},"end":{"line":4,"column":27}},"2":{"start":{"line":7,"column":4},"end":{"line":7,"column":17}},"3":{"start":{"line":8,"column":2},"end":{"line":20,"column":4}},"4":{"start":{"line":26,"column":33},"end":{"line":37,"column":1}},"5":{"start":{"line":27,"column":2},"end":{"line":36,"column":4}},"6":{"start":{"line":28,"column":4},"end":{"line":35,"column":6}}},"fnMap":{"0":{"name":"(anonymous_0)","decl":{"start":{"line":3,"column":23},"end":{"line":3,"column":24}},"loc":{"start":{"line":3,"column":34},"end":{"line":21,"column":1}},"line":3},"1":{"name":"(anonymous_1)","decl":{"start":{"line":26,"column":33},"end":{"line":26,"column":34}},"loc":{"start":{"line":26,"column":52},"end":{"line":37,"column":1}},"line":26},"2":{"name":"(anonymous_2)","decl":{"start":{"line":27,"column":9},"end":{"line":27,"column":10}},"loc":{"start":{"line":27,"column":20},"end":{"line":36,"column":3}},"line":27}},"branchMap":{},"s":{"0":2,"1":67,"2":67,"3":67,"4":2,"5":8,"6":66},"f":{"0":67,"1":8,"2":66},"b":{},"_coverageSchema":"1a1c01bbd47fc00a2c39e90264f33305004495a9","hash":"36ed4f91b1536d2aaa8158518a83c02ceb6c2f4d"}
,"/Users/meenakshi/Desktop/React Folder/FoodOderingApp/src/utils/appStore.js": {"path":"/Users/meenakshi/Desktop/React Folder/FoodOderingApp/src/utils/appStore.js","statementMap":{"0":{"start":{"line":4,"column":17},"end":{"line":8,"column":2}}},"fnMap":{},"branchMap":{},"s":{"0":1},"f":{},"b":{},"_coverageSchema":"1a1c01bbd47fc00a2c39e90264f33305004495a9","hash":"6db37eee90dbe75b64bda8ecafaaa1cd2afb4836"}
}
