{"/Users/meenakshi/Desktop/React Folder/FoodOderingApp/src/components/Body.js": {"path":"/Users/meenakshi/Desktop/React Folder/FoodOderingApp/src/components/Body.js","statementMap":{"0":{"start":{"line":10,"column":13},"end":{"line":120,"column":1}},"1":{"start":{"line":12,"column":52},"end":{"line":12,"column":64}},"2":{"start":{"line":13,"column":38},"end":{"line":13,"column":50}},"3":{"start":{"line":14,"column":54},"end":{"line":14,"column":66}},"4":{"start":{"line":17,"column":33},"end":{"line":17,"column":66}},"5":{"start":{"line":20,"column":2},"end":{"line":22,"column":9}},"6":{"start":{"line":21,"column":4},"end":{"line":21,"column":16}},"7":{"start":{"line":24,"column":20},"end":{"line":40,"column":3}},"8":{"start":{"line":25,"column":17},"end":{"line":28,"column":5}},"9":{"start":{"line":29,"column":17},"end":{"line":29,"column":34}},"10":{"start":{"line":34,"column":4},"end":{"line":36,"column":6}},"11":{"start":{"line":37,"column":4},"end":{"line":39,"column":6}},"12":{"start":{"line":42,"column":23},"end":{"line":42,"column":40}},"13":{"start":{"line":43,"column":2},"end":{"line":46,"column":6}},"14":{"start":{"line":44,"column":4},"end":{"line":46,"column":6}},"15":{"start":{"line":48,"column":40},"end":{"line":48,"column":63}},"16":{"start":{"line":52,"column":2},"end":{"line":119,"column":4}},"17":{"start":{"line":64,"column":14},"end":{"line":64,"column":44}},"18":{"start":{"line":71,"column":43},"end":{"line":73,"column":15}},"19":{"start":{"line":72,"column":16},"end":{"line":72,"column":78}},"20":{"start":{"line":74,"column":14},"end":{"line":74,"column":58}},"21":{"start":{"line":85,"column":35},"end":{"line":87,"column":15}},"22":{"start":{"line":86,"column":25},"end":{"line":86,"column":49}},"23":{"start":{"line":88,"column":14},"end":{"line":88,"column":50}},"24":{"start":{"line":99,"column":29},"end":{"line":99,"column":56}},"25":{"start":{"line":105,"column":10},"end":{"line":115,"column":17}}},"fnMap":{"0":{"name":"(anonymous_0)","decl":{"start":{"line":10,"column":13},"end":{"line":10,"column":14}},"loc":{"start":{"line":10,"column":19},"end":{"line":120,"column":1}},"line":10},"1":{"name":"(anonymous_1)","decl":{"start":{"line":20,"column":12},"end":{"line":20,"column":13}},"loc":{"start":{"line":20,"column":18},"end":{"line":22,"column":3}},"line":20},"2":{"name":"(anonymous_2)","decl":{"start":{"line":24,"column":20},"end":{"line":24,"column":21}},"loc":{"start":{"line":24,"column":32},"end":{"line":40,"column":3}},"line":24},"3":{"name":"(anonymous_3)","decl":{"start":{"line":63,"column":22},"end":{"line":63,"column":23}},"loc":{"start":{"line":63,"column":29},"end":{"line":65,"column":13}},"line":63},"4":{"name":"(anonymous_4)","decl":{"start":{"line":69,"column":21},"end":{"line":69,"column":22}},"loc":{"start":{"line":69,"column":27},"end":{"line":76,"column":13}},"line":69},"5":{"name":"(anonymous_5)","decl":{"start":{"line":71,"column":68},"end":{"line":71,"column":69}},"loc":{"start":{"line":72,"column":16},"end":{"line":72,"column":78}},"line":72},"6":{"name":"(anonymous_6)","decl":{"start":{"line":84,"column":21},"end":{"line":84,"column":22}},"loc":{"start":{"line":84,"column":27},"end":{"line":89,"column":13}},"line":84},"7":{"name":"(anonymous_7)","decl":{"start":{"line":86,"column":16},"end":{"line":86,"column":17}},"loc":{"start":{"line":86,"column":25},"end":{"line":86,"column":49}},"line":86},"8":{"name":"(anonymous_8)","decl":{"start":{"line":99,"column":22},"end":{"line":99,"column":23}},"loc":{"start":{"line":99,"column":29},"end":{"line":99,"column":56}},"line":99},"9":{"name":"(anonymous_9)","decl":{"start":{"line":104,"column":32},"end":{"line":104,"column":33}},"loc":{"start":{"line":105,"column":10},"end":{"line":115,"column":17}},"line":105}},"branchMap":{"0":{"loc":{"start":{"line":43,"column":2},"end":{"line":46,"column":6}},"type":"if","locations":[{"start":{"line":43,"column":2},"end":{"line":46,"column":6}},{"start":{},"end":{}}],"line":43},"1":{"loc":{"start":{"line":52,"column":9},"end":{"line":119,"column":3}},"type":"cond-expr","locations":[{"start":{"line":53,"column":4},"end":{"line":53,"column":15}},{"start":{"line":55,"column":4},"end":{"line":118,"column":10}}],"line":52},"2":{"loc":{"start":{"line":110,"column":13},"end":{"line":114,"column":13}},"type":"cond-expr","locations":[{"start":{"line":111,"column":14},"end":{"line":111,"column":61}},{"start":{"line":113,"column":14},"end":{"line":113,"column":53}}],"line":110}},"s":{"0":1,"1":7,"2":7,"3":7,"4":7,"5":7,"6":2,"7":7,"8":2,"9":2,"10":2,"11":2,"12":7,"13":7,"14":0,"15":7,"16":7,"17":1,"18":1,"19":20,"20":1,"21":1,"22":20,"23":1,"24":0,"25":65},"f":{"0":7,"1":2,"2":2,"3":1,"4":1,"5":20,"6":1,"7":20,"8":0,"9":65},"b":{"0":[0,7],"1":[2,5],"2":[65,0]},"_coverageSchema":"1a1c01bbd47fc00a2c39e90264f33305004495a9","hash":"d3229ec90107768559a536a075e6199ea0d5fc7a"}
,"/Users/meenakshi/Desktop/React Folder/FoodOderingApp/src/components/Cart.js": {"path":"/Users/meenakshi/Desktop/React Folder/FoodOderingApp/src/components/Cart.js","statementMap":{"0":{"start":{"line":6,"column":13},"end":{"line":32,"column":1}},"1":{"start":{"line":7,"column":20},"end":{"line":7,"column":60}},"2":{"start":{"line":7,"column":43},"end":{"line":7,"column":59}},"3":{"start":{"line":10,"column":19},"end":{"line":10,"column":32}},"4":{"start":{"line":11,"column":26},"end":{"line":13,"column":3}},"5":{"start":{"line":12,"column":4},"end":{"line":12,"column":26}},"6":{"start":{"line":14,"column":2},"end":{"line":31,"column":4}}},"fnMap":{"0":{"name":"(anonymous_0)","decl":{"start":{"line":6,"column":13},"end":{"line":6,"column":14}},"loc":{"start":{"line":6,"column":19},"end":{"line":32,"column":1}},"line":6},"1":{"name":"(anonymous_1)","decl":{"start":{"line":7,"column":32},"end":{"line":7,"column":33}},"loc":{"start":{"line":7,"column":43},"end":{"line":7,"column":59}},"line":7},"2":{"name":"(anonymous_2)","decl":{"start":{"line":11,"column":26},"end":{"line":11,"column":27}},"loc":{"start":{"line":11,"column":32},"end":{"line":13,"column":3}},"line":11}},"branchMap":{"0":{"loc":{"start":{"line":24,"column":9},"end":{"line":28,"column":9}},"type":"cond-expr","locations":[{"start":{"line":25,"column":10},"end":{"line":25,"column":40}},{"start":{"line":27,"column":10},"end":{"line":27,"column":56}}],"line":24}},"s":{"0":1,"1":1,"2":2,"3":1,"4":1,"5":1,"6":1},"f":{"0":1,"1":2,"2":1},"b":{"0":[0,1]},"_coverageSchema":"1a1c01bbd47fc00a2c39e90264f33305004495a9","hash":"82a9194cb2aa102c6f0ff6ad22b45d949a304ad8"}
,"/Users/meenakshi/Desktop/React Folder/FoodOderingApp/src/components/Contact.js": {"path":"/Users/meenakshi/Desktop/React Folder/FoodOderingApp/src/components/Contact.js","statementMap":{"0":{"start":{"line":3,"column":16},"end":{"line":24,"column":1}},"1":{"start":{"line":4,"column":2},"end":{"line":23,"column":4}}},"fnMap":{"0":{"name":"(anonymous_0)","decl":{"start":{"line":3,"column":16},"end":{"line":3,"column":17}},"loc":{"start":{"line":3,"column":22},"end":{"line":24,"column":1}},"line":3}},"branchMap":{},"s":{"0":1,"1":4},"f":{"0":4},"b":{},"_coverageSchema":"1a1c01bbd47fc00a2c39e90264f33305004495a9","hash":"a4380e879fdd09b4361beb0ba27ddc4af3811a30"}
,"/Users/meenakshi/Desktop/React Folder/FoodOderingApp/src/components/Header.js": {"path":"/Users/meenakshi/Desktop/React Folder/FoodOderingApp/src/components/Header.js","statementMap":{"0":{"start":{"line":10,"column":15},"end":{"line":61,"column":1}},"1":{"start":{"line":12,"column":42},"end":{"line":12,"column":59}},"2":{"start":{"line":13,"column":23},"end":{"line":13,"column":40}},"3":{"start":{"line":15,"column":27},"end":{"line":15,"column":50}},"4":{"start":{"line":18,"column":20},"end":{"line":18,"column":60}},"5":{"start":{"line":18,"column":43},"end":{"line":18,"column":59}},"6":{"start":{"line":20,"column":2},"end":{"line":60,"column":4}},"7":{"start":{"line":49,"column":14},"end":{"line":51,"column":43}}},"fnMap":{"0":{"name":"(anonymous_0)","decl":{"start":{"line":10,"column":15},"end":{"line":10,"column":16}},"loc":{"start":{"line":10,"column":21},"end":{"line":61,"column":1}},"line":10},"1":{"name":"(anonymous_1)","decl":{"start":{"line":18,"column":32},"end":{"line":18,"column":33}},"loc":{"start":{"line":18,"column":43},"end":{"line":18,"column":59}},"line":18},"2":{"name":"(anonymous_2)","decl":{"start":{"line":48,"column":21},"end":{"line":48,"column":22}},"loc":{"start":{"line":48,"column":27},"end":{"line":52,"column":13}},"line":48}},"branchMap":{"0":{"loc":{"start":{"line":27,"column":47},"end":{"line":27,"column":73}},"type":"cond-expr","locations":[{"start":{"line":27,"column":62},"end":{"line":27,"column":66}},{"start":{"line":27,"column":69},"end":{"line":27,"column":73}}],"line":27},"1":{"loc":{"start":{"line":49,"column":14},"end":{"line":51,"column":42}},"type":"cond-expr","locations":[{"start":{"line":50,"column":18},"end":{"line":50,"column":43}},{"start":{"line":51,"column":18},"end":{"line":51,"column":42}}],"line":49}},"s":{"0":2,"1":5,"2":5,"3":5,"4":5,"5":9,"6":5,"7":1},"f":{"0":5,"1":9,"2":1},"b":{"0":[5,0],"1":[1,0]},"_coverageSchema":"1a1c01bbd47fc00a2c39e90264f33305004495a9","hash":"37ca16aceaf4905dc263e121d406134963156827"}
,"/Users/meenakshi/Desktop/React Folder/FoodOderingApp/src/components/ItemList.js": {"path":"/Users/meenakshi/Desktop/React Folder/FoodOderingApp/src/components/ItemList.js","statementMap":{"0":{"start":{"line":6,"column":17},"end":{"line":57,"column":1}},"1":{"start":{"line":9,"column":19},"end":{"line":9,"column":32}},"2":{"start":{"line":11,"column":24},"end":{"line":14,"column":3}},"3":{"start":{"line":13,"column":4},"end":{"line":13,"column":29}},"4":{"start":{"line":16,"column":2},"end":{"line":56,"column":4}},"5":{"start":{"line":19,"column":8},"end":{"line":53,"column":14}},"6":{"start":{"line":28,"column":31},"end":{"line":28,"column":50}}},"fnMap":{"0":{"name":"(anonymous_0)","decl":{"start":{"line":6,"column":17},"end":{"line":6,"column":18}},"loc":{"start":{"line":6,"column":32},"end":{"line":57,"column":1}},"line":6},"1":{"name":"(anonymous_1)","decl":{"start":{"line":11,"column":24},"end":{"line":11,"column":25}},"loc":{"start":{"line":11,"column":34},"end":{"line":14,"column":3}},"line":11},"2":{"name":"(anonymous_2)","decl":{"start":{"line":18,"column":17},"end":{"line":18,"column":18}},"loc":{"start":{"line":19,"column":8},"end":{"line":53,"column":14}},"line":19},"3":{"name":"(anonymous_3)","decl":{"start":{"line":28,"column":25},"end":{"line":28,"column":26}},"loc":{"start":{"line":28,"column":31},"end":{"line":28,"column":50}},"line":28}},"branchMap":{"0":{"loc":{"start":{"line":44,"column":17},"end":{"line":46,"column":59}},"type":"cond-expr","locations":[{"start":{"line":45,"column":20},"end":{"line":45,"column":66}},{"start":{"line":46,"column":20},"end":{"line":46,"column":59}}],"line":44}},"s":{"0":1,"1":0,"2":0,"3":0,"4":0,"5":0,"6":0},"f":{"0":0,"1":0,"2":0,"3":0},"b":{"0":[0,0]},"_coverageSchema":"1a1c01bbd47fc00a2c39e90264f33305004495a9","hash":"b096e2284f8d7a382aaa335db3f852aa4807d4e7"}
,"/Users/meenakshi/Desktop/React Folder/FoodOderingApp/src/components/RestaurantCard.js": {"path":"/Users/meenakshi/Desktop/React Folder/FoodOderingApp/src/components/RestaurantCard.js","statementMap":{"0":{"start":{"line":4,"column":23},"end":{"line":22,"column":1}},"1":{"start":{"line":5,"column":22},"end":{"line":5,"column":27}},"2":{"start":{"line":8,"column":4},"end":{"line":8,"column":17}},"3":{"start":{"line":9,"column":2},"end":{"line":21,"column":4}},"4":{"start":{"line":27,"column":33},"end":{"line":38,"column":1}},"5":{"start":{"line":28,"column":2},"end":{"line":37,"column":4}},"6":{"start":{"line":29,"column":4},"end":{"line":36,"column":6}}},"fnMap":{"0":{"name":"(anonymous_0)","decl":{"start":{"line":4,"column":23},"end":{"line":4,"column":24}},"loc":{"start":{"line":4,"column":34},"end":{"line":22,"column":1}},"line":4},"1":{"name":"(anonymous_1)","decl":{"start":{"line":27,"column":33},"end":{"line":27,"column":34}},"loc":{"start":{"line":27,"column":52},"end":{"line":38,"column":1}},"line":27},"2":{"name":"(anonymous_2)","decl":{"start":{"line":28,"column":9},"end":{"line":28,"column":10}},"loc":{"start":{"line":28,"column":20},"end":{"line":37,"column":3}},"line":28}},"branchMap":{},"s":{"0":2,"1":67,"2":67,"3":67,"4":2,"5":8,"6":66},"f":{"0":67,"1":8,"2":66},"b":{},"_coverageSchema":"1a1c01bbd47fc00a2c39e90264f33305004495a9","hash":"b80b4615a483554fbe03e66f0212682ba7db5b68"}
,"/Users/meenakshi/Desktop/React Folder/FoodOderingApp/src/components/RestaurantCategory.js": {"path":"/Users/meenakshi/Desktop/React Folder/FoodOderingApp/src/components/RestaurantCategory.js","statementMap":{"0":{"start":{"line":5,"column":27},"end":{"line":28,"column":1}},"1":{"start":{"line":6,"column":22},"end":{"line":8,"column":3}},"2":{"start":{"line":7,"column":4},"end":{"line":7,"column":19}},"3":{"start":{"line":9,"column":2},"end":{"line":27,"column":4}}},"fnMap":{"0":{"name":"(anonymous_0)","decl":{"start":{"line":5,"column":27},"end":{"line":5,"column":28}},"loc":{"start":{"line":5,"column":66},"end":{"line":28,"column":1}},"line":5},"1":{"name":"(anonymous_1)","decl":{"start":{"line":6,"column":22},"end":{"line":6,"column":23}},"loc":{"start":{"line":6,"column":28},"end":{"line":8,"column":3}},"line":6}},"branchMap":{"0":{"loc":{"start":{"line":24,"column":9},"end":{"line":24,"column":58}},"type":"binary-expr","locations":[{"start":{"line":24,"column":9},"end":{"line":24,"column":18}},{"start":{"line":24,"column":22},"end":{"line":24,"column":58}}],"line":24}},"s":{"0":1,"1":5,"2":0,"3":5},"f":{"0":5,"1":0},"b":{"0":[5,0]},"_coverageSchema":"1a1c01bbd47fc00a2c39e90264f33305004495a9","hash":"a337a1d996756afbfc64ab69c76fa77018c1af9a"}
,"/Users/meenakshi/Desktop/React Folder/FoodOderingApp/src/components/RestaurantMenu.js": {"path":"/Users/meenakshi/Desktop/React Folder/FoodOderingApp/src/components/RestaurantMenu.js","statementMap":{"0":{"start":{"line":8,"column":24},"end":{"line":62,"column":1}},"1":{"start":{"line":11,"column":20},"end":{"line":11,"column":31}},"2":{"start":{"line":24,"column":18},"end":{"line":24,"column":42}},"3":{"start":{"line":26,"column":36},"end":{"line":26,"column":50}},"4":{"start":{"line":28,"column":2},"end":{"line":28,"column":43}},"5":{"start":{"line":28,"column":24},"end":{"line":28,"column":43}},"6":{"start":{"line":30,"column":4},"end":{"line":30,"column":39}},"7":{"start":{"line":35,"column":4},"end":{"line":35,"column":78}},"8":{"start":{"line":39,"column":4},"end":{"line":43,"column":5}},"9":{"start":{"line":41,"column":8},"end":{"line":42,"column":76}},"10":{"start":{"line":45,"column":2},"end":{"line":61,"column":4}},"11":{"start":{"line":53,"column":8},"end":{"line":58,"column":10}},"12":{"start":{"line":57,"column":30},"end":{"line":57,"column":49}}},"fnMap":{"0":{"name":"(anonymous_0)","decl":{"start":{"line":8,"column":24},"end":{"line":8,"column":25}},"loc":{"start":{"line":8,"column":30},"end":{"line":62,"column":1}},"line":8},"1":{"name":"(anonymous_1)","decl":{"start":{"line":40,"column":6},"end":{"line":40,"column":7}},"loc":{"start":{"line":41,"column":8},"end":{"line":42,"column":76}},"line":41},"2":{"name":"(anonymous_2)","decl":{"start":{"line":52,"column":22},"end":{"line":52,"column":23}},"loc":{"start":{"line":53,"column":8},"end":{"line":58,"column":10}},"line":53},"3":{"name":"(anonymous_3)","decl":{"start":{"line":57,"column":24},"end":{"line":57,"column":25}},"loc":{"start":{"line":57,"column":30},"end":{"line":57,"column":49}},"line":57}},"branchMap":{"0":{"loc":{"start":{"line":28,"column":2},"end":{"line":28,"column":43}},"type":"if","locations":[{"start":{"line":28,"column":2},"end":{"line":28,"column":43}},{"start":{},"end":{}}],"line":28},"1":{"loc":{"start":{"line":56,"column":21},"end":{"line":56,"column":55}},"type":"cond-expr","locations":[{"start":{"line":56,"column":43},"end":{"line":56,"column":47}},{"start":{"line":56,"column":50},"end":{"line":56,"column":55}}],"line":56}},"s":{"0":1,"1":2,"2":2,"3":2,"4":2,"5":1,"6":1,"7":1,"8":1,"9":16,"10":1,"11":5,"12":0},"f":{"0":2,"1":16,"2":5,"3":0},"b":{"0":[1,1],"1":[0,5]},"_coverageSchema":"1a1c01bbd47fc00a2c39e90264f33305004495a9","hash":"46c87971fe874e1fb35734e540864a897126f62e"}
,"/Users/meenakshi/Desktop/React Folder/FoodOderingApp/src/components/Shimmer.js": {"path":"/Users/meenakshi/Desktop/React Folder/FoodOderingApp/src/components/Shimmer.js","statementMap":{"0":{"start":{"line":3,"column":16},"end":{"line":26,"column":1}},"1":{"start":{"line":4,"column":2},"end":{"line":25,"column":4}}},"fnMap":{"0":{"name":"(anonymous_0)","decl":{"start":{"line":3,"column":16},"end":{"line":3,"column":17}},"loc":{"start":{"line":3,"column":22},"end":{"line":26,"column":1}},"line":3}},"branchMap":{},"s":{"0":2,"1":3},"f":{"0":3},"b":{},"_coverageSchema":"1a1c01bbd47fc00a2c39e90264f33305004495a9","hash":"a6414280dbae37313304b0fea23b1d76087bcedc"}
,"/Users/meenakshi/Desktop/React Folder/FoodOderingApp/src/utils/appStore.js": {"path":"/Users/meenakshi/Desktop/React Folder/FoodOderingApp/src/utils/appStore.js","statementMap":{"0":{"start":{"line":4,"column":17},"end":{"line":8,"column":2}}},"fnMap":{},"branchMap":{},"s":{"0":3},"f":{},"b":{},"_coverageSchema":"1a1c01bbd47fc00a2c39e90264f33305004495a9","hash":"6db37eee90dbe75b64bda8ecafaaa1cd2afb4836"}
,"/Users/meenakshi/Desktop/React Folder/FoodOderingApp/src/utils/useRestaurantMenu.js": {"path":"/Users/meenakshi/Desktop/React Folder/FoodOderingApp/src/utils/useRestaurantMenu.js","statementMap":{"0":{"start":{"line":4,"column":26},"end":{"line":18,"column":1}},"1":{"start":{"line":5,"column":32},"end":{"line":5,"column":46}},"2":{"start":{"line":7,"column":2},"end":{"line":9,"column":9}},"3":{"start":{"line":8,"column":4},"end":{"line":8,"column":16}},"4":{"start":{"line":11,"column":20},"end":{"line":16,"column":3}},"5":{"start":{"line":12,"column":17},"end":{"line":12,"column":45}},"6":{"start":{"line":13,"column":17},"end":{"line":13,"column":34}},"7":{"start":{"line":15,"column":4},"end":{"line":15,"column":26}},"8":{"start":{"line":17,"column":2},"end":{"line":17,"column":17}}},"fnMap":{"0":{"name":"(anonymous_0)","decl":{"start":{"line":4,"column":26},"end":{"line":4,"column":27}},"loc":{"start":{"line":4,"column":37},"end":{"line":18,"column":1}},"line":4},"1":{"name":"(anonymous_1)","decl":{"start":{"line":7,"column":12},"end":{"line":7,"column":13}},"loc":{"start":{"line":7,"column":18},"end":{"line":9,"column":3}},"line":7},"2":{"name":"(anonymous_2)","decl":{"start":{"line":11,"column":20},"end":{"line":11,"column":21}},"loc":{"start":{"line":11,"column":32},"end":{"line":16,"column":3}},"line":11}},"branchMap":{},"s":{"0":1,"1":2,"2":2,"3":1,"4":2,"5":1,"6":1,"7":1,"8":2},"f":{"0":2,"1":1,"2":1},"b":{},"_coverageSchema":"1a1c01bbd47fc00a2c39e90264f33305004495a9","hash":"cffa14cccdbf341d3064a9ce393daac79231f534"}
}
