TN:
SF:src/components/Body.js
FN:10,(anonymous_0)
FN:20,(anonymous_1)
FN:24,(anonymous_2)
FN:63,(anonymous_3)
FN:69,(anonymous_4)
FN:71,(anonymous_5)
FN:84,(anonymous_6)
FN:86,(anonymous_7)
FN:99,(anonymous_8)
FN:104,(anonymous_9)
FNF:10
FNH:9
FNDA:7,(anonymous_0)
FNDA:2,(anonymous_1)
FNDA:2,(anonymous_2)
FNDA:1,(anonymous_3)
FNDA:1,(anonymous_4)
FNDA:20,(anonymous_5)
FNDA:1,(anonymous_6)
FNDA:20,(anonymous_7)
FNDA:0,(anonymous_8)
FNDA:65,(anonymous_9)
DA:10,1
DA:12,7
DA:13,7
DA:14,7
DA:17,7
DA:20,7
DA:21,2
DA:24,7
DA:25,2
DA:29,2
DA:34,2
DA:37,2
DA:42,7
DA:43,7
DA:44,0
DA:48,7
DA:52,7
DA:64,1
DA:71,1
DA:72,20
DA:74,1
DA:85,1
DA:86,20
DA:88,1
DA:99,0
DA:105,65
LF:26
LH:24
BRDA:43,0,0,0
BRDA:43,0,1,7
BRDA:52,1,0,2
BRDA:52,1,1,5
BRDA:110,2,0,65
BRDA:110,2,1,0
BRF:6
BRH:4
end_of_record
TN:
SF:src/components/Cart.js
FN:6,(anonymous_0)
FN:7,(anonymous_1)
FN:11,(anonymous_2)
FNF:3
FNH:3
FNDA:1,(anonymous_0)
FNDA:2,(anonymous_1)
FNDA:1,(anonymous_2)
DA:6,1
DA:7,2
DA:10,1
DA:11,1
DA:12,1
DA:14,1
LF:6
LH:6
BRDA:24,0,0,0
BRDA:24,0,1,1
BRF:2
BRH:1
end_of_record
TN:
SF:src/components/Contact.js
FN:3,(anonymous_0)
FNF:1
FNH:1
FNDA:4,(anonymous_0)
DA:3,1
DA:4,4
LF:2
LH:2
BRF:0
BRH:0
end_of_record
TN:
SF:src/components/Header.js
FN:10,(anonymous_0)
FN:18,(anonymous_1)
FN:48,(anonymous_2)
FNF:3
FNH:3
FNDA:5,(anonymous_0)
FNDA:9,(anonymous_1)
FNDA:1,(anonymous_2)
DA:10,2
DA:12,5
DA:13,5
DA:15,5
DA:18,9
DA:20,5
DA:49,1
LF:7
LH:7
BRDA:27,0,0,5
BRDA:27,0,1,0
BRDA:49,1,0,1
BRDA:49,1,1,0
BRF:4
BRH:2
end_of_record
TN:
SF:src/components/ItemList.js
FN:6,(anonymous_0)
FN:11,(anonymous_1)
FN:18,(anonymous_2)
FN:28,(anonymous_3)
FNF:4
FNH:0
FNDA:0,(anonymous_0)
FNDA:0,(anonymous_1)
FNDA:0,(anonymous_2)
FNDA:0,(anonymous_3)
DA:6,1
DA:9,0
DA:11,0
DA:13,0
DA:16,0
DA:19,0
DA:28,0
LF:7
LH:1
BRDA:44,0,0,0
BRDA:44,0,1,0
BRF:2
BRH:0
end_of_record
TN:
SF:src/components/RestaurantCard.js
FN:4,(anonymous_0)
FN:27,(anonymous_1)
FN:28,(anonymous_2)
FNF:3
FNH:3
FNDA:67,(anonymous_0)
FNDA:8,(anonymous_1)
FNDA:66,(anonymous_2)
DA:4,2
DA:5,67
DA:8,67
DA:9,67
DA:27,2
DA:28,8
DA:29,66
LF:7
LH:7
BRF:0
BRH:0
end_of_record
TN:
SF:src/components/RestaurantCategory.js
FN:5,(anonymous_0)
FN:6,(anonymous_1)
FNF:2
FNH:1
FNDA:5,(anonymous_0)
FNDA:0,(anonymous_1)
DA:5,1
DA:6,5
DA:7,0
DA:9,5
LF:4
LH:3
BRDA:24,0,0,5
BRDA:24,0,1,0
BRF:2
BRH:1
end_of_record
TN:
SF:src/components/RestaurantMenu.js
FN:8,(anonymous_0)
FN:40,(anonymous_1)
FN:52,(anonymous_2)
FN:57,(anonymous_3)
FNF:4
FNH:3
FNDA:2,(anonymous_0)
FNDA:16,(anonymous_1)
FNDA:5,(anonymous_2)
FNDA:0,(anonymous_3)
DA:8,1
DA:11,2
DA:24,2
DA:26,2
DA:28,2
DA:30,1
DA:35,1
DA:39,1
DA:41,16
DA:45,1
DA:53,5
DA:57,0
LF:12
LH:11
BRDA:28,0,0,1
BRDA:28,0,1,1
BRDA:56,1,0,0
BRDA:56,1,1,5
BRF:4
BRH:3
end_of_record
TN:
SF:src/components/Shimmer.js
FN:3,(anonymous_0)
FNF:1
FNH:1
FNDA:3,(anonymous_0)
DA:3,2
DA:4,3
LF:2
LH:2
BRF:0
BRH:0
end_of_record
TN:
SF:src/utils/appStore.js
FNF:0
FNH:0
DA:4,3
LF:1
LH:1
BRF:0
BRH:0
end_of_record
TN:
SF:src/utils/useRestaurantMenu.js
FN:4,(anonymous_0)
FN:7,(anonymous_1)
FN:11,(anonymous_2)
FNF:3
FNH:3
FNDA:2,(anonymous_0)
FNDA:1,(anonymous_1)
FNDA:1,(anonymous_2)
DA:4,1
DA:5,2
DA:7,2
DA:8,1
DA:11,2
DA:12,1
DA:13,1
DA:15,1
DA:17,2
LF:9
LH:9
BRF:0
BRH:0
end_of_record
