TN:
SF:src/components/Body.js
FN:9,(anonymous_0)
FN:19,(anonymous_1)
FN:23,(anonymous_2)
FN:62,(anonymous_3)
FN:68,(anonymous_4)
FN:70,(anonymous_5)
FN:83,(anonymous_6)
FN:85,(anonymous_7)
FN:98,(anonymous_8)
FN:103,(anonymous_9)
FNF:10
FNH:9
FNDA:7,(anonymous_0)
FNDA:2,(anonymous_1)
FNDA:2,(anonymous_2)
FNDA:1,(anonymous_3)
FNDA:1,(anonymous_4)
FNDA:20,(anonymous_5)
FNDA:1,(anonymous_6)
FNDA:20,(anonymous_7)
FNDA:0,(anonymous_8)
FNDA:65,(anonymous_9)
DA:9,1
DA:11,7
DA:12,7
DA:13,7
DA:14,7
DA:16,7
DA:19,7
DA:20,2
DA:23,7
DA:24,2
DA:28,2
DA:29,2
DA:33,2
DA:36,2
DA:41,7
DA:42,7
DA:43,0
DA:47,7
DA:51,7
DA:63,1
DA:70,1
DA:71,20
DA:73,1
DA:84,1
DA:85,20
DA:87,1
DA:98,0
DA:104,65
LF:28
LH:26
BRDA:42,0,0,0
BRDA:42,0,1,7
BRDA:51,1,0,2
BRDA:51,1,1,5
BRDA:109,2,0,65
BRDA:109,2,1,0
BRF:6
BRH:4
end_of_record
TN:
SF:src/components/Contact.js
FN:1,(anonymous_0)
FNF:1
FNH:1
FNDA:4,(anonymous_0)
DA:1,1
DA:2,4
LF:2
LH:2
BRF:0
BRH:0
end_of_record
TN:
SF:src/components/Header.js
FN:9,(anonymous_0)
FN:17,(anonymous_1)
FN:47,(anonymous_2)
FNF:3
FNH:3
FNDA:4,(anonymous_0)
FNDA:7,(anonymous_1)
FNDA:1,(anonymous_2)
DA:9,1
DA:11,4
DA:12,4
DA:14,4
DA:17,7
DA:19,4
DA:48,1
LF:7
LH:7
BRDA:26,0,0,4
BRDA:26,0,1,0
BRDA:48,1,0,1
BRDA:48,1,1,0
BRF:4
BRH:2
end_of_record
TN:
SF:src/components/RestaurantCard.js
FN:3,(anonymous_0)
FN:26,(anonymous_1)
FN:27,(anonymous_2)
FNF:3
FNH:3
FNDA:67,(anonymous_0)
FNDA:8,(anonymous_1)
FNDA:66,(anonymous_2)
DA:3,2
DA:4,67
DA:7,67
DA:8,67
DA:26,2
DA:27,8
DA:28,66
LF:7
LH:7
BRF:0
BRH:0
end_of_record
TN:
SF:src/utils/appStore.js
FNF:0
FNH:0
DA:4,1
LF:1
LH:1
BRF:0
BRH:0
end_of_record
